#
# There is insufficient memory for the Java Runtime Environment to continue.
# Native memory allocation (malloc) failed to allocate 8192 bytes for AllocateHeap
# Possible reasons:
#   The system is out of physical RAM or swap space
#   In 32 bit mode, the process size limit was hit
# Possible solutions:
#   Reduce memory load on the system
#   Increase physical memory or swap space
#   Check if swap backing store is full
#   Use 64 bit Java on a 64 bit OS
#   Decrease Java heap size (-Xmx/-Xms)
#   Decrease number of Java threads
#   Decrease Java thread stack sizes (-Xss)
#   Set larger code cache with -XX:ReservedCodeCacheSize=
# This output file may be truncated or incomplete.
#
#  Out of Memory Error (memory/allocation.inline.hpp:61), pid=17264, tid=15812
#
# JRE version:  (7.0_79-b15) (build )
# Java VM: Java HotSpot(TM) 64-Bit Server VM (24.79-b02 mixed mode windows-amd64 compressed oops)
# Failed to write core dump. Minidumps are not enabled by default on client versions of Windows
#

---------------  T H R E A D  ---------------

Current thread (0x000000000217e000):  JavaThread "main" [_thread_in_vm, id=15812, stack(0x0000000002430000,0x0000000002530000)]

Stack: [0x0000000002430000,0x0000000002530000]
[error occurred during error reporting (printing stack bounds), id 0xc0000005]


[error occurred during error reporting (printing native stack), id 0xc0000005]

Java frames: (J=compiled Java code, j=interpreted, Vv=VM code)
j  java.util.concurrent.locks.ReentrantLock.<init>()V+5
j  java.util.concurrent.ConcurrentHashMap$Segment.<init>(FI[Ljava/util/concurrent/ConcurrentHashMap$HashEntry;)V+1
j  java.util.concurrent.ConcurrentHashMap.<init>(IFI)V+149
j  java.util.concurrent.ConcurrentHashMap.<init>()V+7
j  java.lang.reflect.WeakCache.<init>(Ljava/lang/reflect/WeakCache$BiFunction;Ljava/lang/reflect/WeakCache$BiFunction;)V+20
j  java.lang.reflect.Proxy.<clinit>()V+33
v  ~StubRoutines::call_stub
j  sun.reflect.misc.ReflectUtil.isNonPublicProxyClass(Ljava/lang/Class;)Z+30
j  sun.reflect.misc.ReflectUtil.checkPackageAccess(Ljava/lang/Class;)V+8
j  java.util.concurrent.atomic.AtomicReferenceFieldUpdater$AtomicReferenceFieldUpdaterImpl.<init>(Ljava/lang/Class;Ljava/lang/Class;Ljava/lang/String;Ljava/lang/Class;)V+37
j  java.util.concurrent.atomic.AtomicReferenceFieldUpdater.newUpdater(Ljava/lang/Class;Ljava/lang/Class;Ljava/lang/String;)Ljava/util/concurrent/atomic/AtomicReferenceFieldUpdater;+10
j  java.io.BufferedInputStream.<clinit>()V+14
v  ~StubRoutines::call_stub
j  java.lang.System.initializeSystemClass()V+70
v  ~StubRoutines::call_stub

---------------  P R O C E S S  ---------------

Java Threads: ( => current thread )
  0x0000000008d01800 JavaThread "Finalizer" daemon [_thread_blocked, id=17008, stack(0x000000000ad00000,0x000000000ae00000)]
  0x00000000020d9800 JavaThread "Reference Handler" daemon [_thread_blocked, id=15572, stack(0x000000000af60000,0x000000000b060000)]
=>0x000000000217e000 JavaThread "main" [_thread_in_vm, id=15812, stack(0x0000000002430000,0x0000000002530000)]

Other Threads:
  0x0000000008cfe000 VMThread [stack: 0x000000000ae00000,0x000000000af00000] [id=13996]

VM state:not at safepoint (normal execution)

VM Mutex/Monitor currently owned by a thread:  ([mutex/lock_event])
[0x000000000217c0e0] SymbolTable_lock - owner thread: 0x000000000217e000

Heap
 PSYoungGen      total 28672K, used 1003K [0x00000000eaa80000, 0x00000000eca00000, 0x0000000100000000)
  eden space 25088K, 4% used [0x00000000eaa80000,0x00000000eab7af08,0x00000000ec300000)
  from space 3584K, 0% used [0x00000000ec680000,0x00000000ec680000,0x00000000eca00000)
  to   space 3584K, 0% used [0x00000000ec300000,0x00000000ec300000,0x00000000ec680000)
 ParOldGen       total 64512K, used 0K [0x00000000c0000000, 0x00000000c3f00000, 0x00000000eaa80000)
  object space 64512K, 0% used [0x00000000c0000000,0x00000000c0000000,0x00000000c3f00000)
 PSPermGen       total 21504K, used 1339K [0x00000000bae00000, 0x00000000bc300000, 0x00000000c0000000)
  object space 21504K, 6% used [0x00000000bae00000,0x00000000baf4eec0,0x00000000bc300000)

Card table byte_map: [0x0000000005530000,0x0000000005760000] byte_map_base: 0x0000000004f59000

Polling page: 0x0000000001e70000

Code Cache  [0x0000000002530000, 0x00000000027a0000, 0x0000000005530000)
 total_blobs=114 nmethods=0 adapters=90 free_code_cache=48798Kb largest_free_block=49969728

Compilation events (0 events):
No events

GC Heap History (0 events):
No events

Deoptimization events (0 events):
No events

Internal exceptions (1 events):
Event: 0.334 Thread 0x000000000217e000 Threw 0x00000000eaa8a610 at C:\re\jdk7u79\2331\hotspot\src\share\vm\prims\jni.cpp:3991

Events (10 events):
Event: 0.339 loading class 0x0000000008b593e0 done
Event: 0.339 loading class 0x0000000008b59520
Event: 0.340 loading class 0x0000000008b5a240
Event: 0.340 loading class 0x0000000008b5a7f0
Event: 0.340 loading class 0x0000000008b5a7f0 done
Event: 0.340 loading class 0x0000000008b5a240 done
Event: 0.340 loading class 0x0000000008b59520 done
Event: 0.340 loading class 0x0000000008b5a860
Event: 0.340 loading class 0x0000000008b5a8a0
Event: 0.340 loading class 0x0000000008b5a760


Dynamic libraries:
0x000000013ff00000 - 0x000000013ff33000 	C:\Program Files\Java\jdk1.7.0_79\bin\java.exe
0x0000000077860000 - 0x0000000077a09000 	C:\Windows\SYSTEM32\ntdll.dll
0x0000000077740000 - 0x0000000077860000 	C:\Windows\system32\kernel32.dll
0x000007fefc4e0000 - 0x000007fefc54c000 	C:\Windows\system32\KERNELBASE.dll
0x000007fefc6a0000 - 0x000007fefc77b000 	C:\Windows\system32\ADVAPI32.dll
0x000007fefe050000 - 0x000007fefe0ef000 	C:\Windows\system32\msvcrt.dll
0x000007fefe300000 - 0x000007fefe31f000 	C:\Windows\SYSTEM32\sechost.dll
0x000007fefc970000 - 0x000007fefca9d000 	C:\Windows\system32\RPCRT4.dll
0x0000000077640000 - 0x000000007773a000 	C:\Windows\system32\USER32.dll
0x000007fefc820000 - 0x000007fefc887000 	C:\Windows\system32\GDI32.dll
0x000007fefdf40000 - 0x000007fefdf4e000 	C:\Windows\system32\LPK.dll
0x000007fefdba0000 - 0x000007fefdc69000 	C:\Windows\system32\USP10.dll
0x000007fef9ee0000 - 0x000007fefa0d4000 	C:\Windows\WinSxS\amd64_microsoft.windows.common-controls_6595b64144ccf1df_6.0.7601.18837_none_fa3b1e3d17594757\COMCTL32.dll
0x000007fefdf80000 - 0x000007fefdff1000 	C:\Windows\system32\SHLWAPI.dll
0x000007fefdf50000 - 0x000007fefdf7e000 	C:\Windows\system32\IMM32.DLL
0x000007fefde30000 - 0x000007fefdf39000 	C:\Windows\system32\MSCTF.dll
0x000007fefc210000 - 0x000007fefc24c000 	C:\Windows\system32\nvinitx.dll
0x000007fef4430000 - 0x000007fef4462000 	C:\Program Files (x86)\AVG\Av\avghooka.dll
0x0000000060160000 - 0x0000000060232000 	C:\Program Files\Java\jdk1.7.0_79\jre\bin\msvcr100.dll
0x000000005c390000 - 0x000000005cb65000 	C:\Program Files\Java\jdk1.7.0_79\jre\bin\server\jvm.dll
0x000007fef51e0000 - 0x000007fef51e9000 	C:\Windows\system32\WSOCK32.dll
0x000007fefe000000 - 0x000007fefe04d000 	C:\Windows\system32\WS2_32.dll
0x000007fefde20000 - 0x000007fefde28000 	C:\Windows\system32\NSI.dll
0x000007fef8e40000 - 0x000007fef8e7b000 	C:\Windows\system32\WINMM.dll
0x0000000077a30000 - 0x0000000077a37000 	C:\Windows\system32\PSAPI.DLL
0x0000000074700000 - 0x000000007470f000 	C:\Program Files\Java\jdk1.7.0_79\jre\bin\verify.dll
0x0000000064a60000 - 0x0000000064a88000 	C:\Program Files\Java\jdk1.7.0_79\jre\bin\java.dll
0x0000000064a40000 - 0x0000000064a55000 	C:\Program Files\Java\jdk1.7.0_79\jre\bin\zip.dll

VM Arguments:
jvm_args: -Djava.awt.headless=true -Xmx1024M -Dfile.encoding=windows-1252 -Duser.country=US -Duser.language=en -Duser.variant 
java_command: com.android.dx.command.Main --dex --num-threads=4 --output C:\GoogleDrive\Google Drive\Work\KartGame\KartGame\app\build\intermediates\pre-dexed\debug\com.android.support-support-v4-23.1.1_abc5feecdcc11822163ab1f7da737b18a38810d0.jar C:\GoogleDrive\Google Drive\Work\KartGame\KartGame\app\build\intermediates\exploded-aar\com.android.support\support-v4\23.1.1\jars\classes.jar
Launcher Type: SUN_STANDARD

Environment Variables:
PATH=C:\Program Files\Common Files\Microsoft Shared\Windows Live;C:\Program Files (x86)\Common Files\Microsoft Shared\Windows Live;C:\Windows\system32;C:\Windows;C:\Windows\System32\Wbem;C:\Windows\System32\WindowsPowerShell\v1.0\;C:\Program Files (x86)\Windows Live\Shared;C:\Program Files\Trend Micro\AMSP;C:\Program Files (x86)\Microsoft ASP.NET\ASP.NET Web Pages\v1.0\;C:\Program Files\Microsoft SQL Server\110\Tools\Binn\;C:\Program Files\Microsoft\Web Platform Installer\;C:\Program Files\TortoiseSVN\bin;C:\Program Files (x86)\Skype\Phone\;C:\Program Files (x86)\Common Files\Plantronics\;C:\Program Files (x86)\Plantronics\MyHeadsetUpdater\;C:\Program Files (x86)\Plantronics\VoyagerEdge\;C:\Windows\system32\config\systemprofile\.dnx\bin;C:\Program Files\Microsoft DNX\Dnvm\
USERNAME=Gabi
OS=Windows_NT
PROCESSOR_IDENTIFIER=Intel64 Family 6 Model 42 Stepping 7, GenuineIntel



---------------  S Y S T E M  ---------------

OS: Windows 7 , 64 bit Build 7601 Service Pack 1

CPU:total 8 (4 cores per cpu, 2 threads per core) family 6 model 42 stepping 7, cmov, cx8, fxsr, mmx, sse, sse2, sse3, ssse3, sse4.1, sse4.2, popcnt, avx, ht, tsc, tscinvbit

Memory: 4k page, physical 6201196k(1514856k free), swap 7247936k(4636k free)

vm_info: Java HotSpot(TM) 64-Bit Server VM (24.79-b02) for windows-amd64 JRE (1.7.0_79-b15), built on Apr 10 2015 12:36:16 by "java_re" with unknown MS VC++:1600

time: Wed Dec 23 01:44:23 2015
elapsed time: 0 seconds

